Determining if the pthread_create exist failed with the following output:
Change Dir: /home/andrei/Desktop/mUAV/catkin_ws/build/CMakeFiles/CMakeTmp

Run Build Command:"/usr/bin/make" "cmTC_d45ef/fast"
/usr/bin/make -f CMakeFiles/cmTC_d45ef.dir/build.make CMakeFiles/cmTC_d45ef.dir/build
make[1]: Entering directory '/home/andrei/Desktop/mUAV/catkin_ws/build/CMakeFiles/CMakeTmp'
Building C object CMakeFiles/cmTC_d45ef.dir/CheckSymbolExists.c.o
/usr/bin/cc    -o CMakeFiles/cmTC_d45ef.dir/CheckSymbolExists.c.o   -c /home/andrei/Desktop/mUAV/catkin_ws/build/CMakeFiles/CMakeTmp/CheckSymbolExists.c
Linking C executable cmTC_d45ef
/usr/bin/cmake -E cmake_link_script CMakeFiles/cmTC_d45ef.dir/link.txt --verbose=1
/usr/bin/cc      -rdynamic CMakeFiles/cmTC_d45ef.dir/CheckSymbolExists.c.o  -o cmTC_d45ef 
CMakeFiles/cmTC_d45ef.dir/CheckSymbolExists.c.o: In function `main':
CheckSymbolExists.c:(.text+0x14): undefined reference to `pthread_create'
CheckSymbolExists.c:(.text+0x18): undefined reference to `pthread_create'
collect2: error: ld returned 1 exit status
CMakeFiles/cmTC_d45ef.dir/build.make:97: recipe for target 'cmTC_d45ef' failed
make[1]: *** [cmTC_d45ef] Error 1
make[1]: Leaving directory '/home/andrei/Desktop/mUAV/catkin_ws/build/CMakeFiles/CMakeTmp'
Makefile:126: recipe for target 'cmTC_d45ef/fast' failed
make: *** [cmTC_d45ef/fast] Error 2

File /home/andrei/Desktop/mUAV/catkin_ws/build/CMakeFiles/CMakeTmp/CheckSymbolExists.c:
/* */
#include <pthread.h>

int main(int argc, char** argv)
{
  (void)argv;
#ifndef pthread_create
  return ((int*)(&pthread_create))[argc];
#else
  (void)argc;
  return 0;
#endif
}

Determining if the function pthread_create exists in the pthreads failed with the following output:
Change Dir: /home/andrei/Desktop/mUAV/catkin_ws/build/CMakeFiles/CMakeTmp

Run Build Command:"/usr/bin/make" "cmTC_42a44/fast"
/usr/bin/make -f CMakeFiles/cmTC_42a44.dir/build.make CMakeFiles/cmTC_42a44.dir/build
make[1]: Entering directory '/home/andrei/Desktop/mUAV/catkin_ws/build/CMakeFiles/CMakeTmp'
Building C object CMakeFiles/cmTC_42a44.dir/CheckFunctionExists.c.o
/usr/bin/cc   -DCHECK_FUNCTION_EXISTS=pthread_create   -o CMakeFiles/cmTC_42a44.dir/CheckFunctionExists.c.o   -c /usr/share/cmake-3.10/Modules/CheckFunctionExists.c
Linking C executable cmTC_42a44
/usr/bin/cmake -E cmake_link_script CMakeFiles/cmTC_42a44.dir/link.txt --verbose=1
/usr/bin/cc  -DCHECK_FUNCTION_EXISTS=pthread_create    -rdynamic CMakeFiles/cmTC_42a44.dir/CheckFunctionExists.c.o  -o cmTC_42a44 -lpthreads 
/usr/bin/ld: cannot find -lpthreads
collect2: error: ld returned 1 exit status
CMakeFiles/cmTC_42a44.dir/build.make:97: recipe for target 'cmTC_42a44' failed
make[1]: *** [cmTC_42a44] Error 1
make[1]: Leaving directory '/home/andrei/Desktop/mUAV/catkin_ws/build/CMakeFiles/CMakeTmp'
Makefile:126: recipe for target 'cmTC_42a44/fast' failed
make: *** [cmTC_42a44/fast] Error 2


